<?xml version="1.0" encoding="UTF-8"?>
<!-- Generated by org.testng.reporters.JUnitReportReporter -->
<testsuite skipped="0" hostname="Tochie" name="CACTestCases.SignIn" tests="3" failures="0" timestamp="14 Sep 2019 09:56:29 GMT" time="45.846" errors="0">
  <testcase name="validEmailAndPassword" time="25.490" classname="CACTestCases.SignIn"/>
  <testcase name="assertLandingPage" time="1.886" classname="CACTestCases.SignIn"/>
  <testcase name="invalidEmailAndPassword" time="18.470" classname="CACTestCases.SignIn"/>
</testsuite> <!-- CACTestCases.SignIn -->
